<?xml version="1.0" encoding="UTF-8"?>
<!-- Generated by org.testng.reporters.JUnitXMLReporter -->
<testsuite ignored="0" hostname="Azu" failures="0" tests="3" name="Default test" time="16.911" errors="0" timestamp="2022-12-10T13:49:54 EST">
  <testcase classname="ninjademo.Search_Test" name="verifySearchWithInValidProduct" time="0.59"/>
  <testcase classname="ninjademo.Search_Test" name="verifySearchWithValidProduct" time="0.743"/>
  <testcase classname="ninjademo.Search_Test" name="verifySearchWithoutProduct" time="0.482"/>
</testsuite> <!-- Default test -->
