<?xml version="1.0" encoding="UTF-8"?>
<testng-results ignored="0" total="11" passed="10" failed="1" skipped="0">
  <reporter-output>
  </reporter-output>
  <suite started-at="2022-12-10T14:38:48 EST" name="NinjaSuite" finished-at="2022-12-10T14:40:20 EST" duration-ms="91541">
    <groups>
    </groups>
    <test started-at="2022-12-10T14:38:48 EST" name="NinjaTest" finished-at="2022-12-10T14:40:20 EST" duration-ms="91541">
      <class name="ninjademo.Login_test">
        <test-method is-config="true" signature="SetUp()[pri:0, instance:ninjademo.Login_test@d5b810e]" started-at="2022-12-10T14:38:48 EST" name="SetUp" finished-at="2022-12-10T14:38:55 EST" duration-ms="6544" status="PASS">
          <reporter-output>
          </reporter-output>
        </test-method> <!-- SetUp -->
        <test-method signature="LogInWithValidCrendential()[pri:1, instance:ninjademo.Login_test@d5b810e]" started-at="2022-12-10T14:38:55 EST" name="LogInWithValidCrendential" finished-at="2022-12-10T14:39:03 EST" duration-ms="8746" status="FAIL">
          <exception class="org.openqa.selenium.NoSuchElementException">
            <message>
              <![CDATA[Unable to find element with locator By.xpath: //a[contains(text(),'Edit your account information')]
For documentation on this error, please visit: https://selenium.dev/exceptions/#no_such_element
Build info: version: '4.6.0', revision: '79f1c02ae20'
System info: os.name: 'Windows 10', os.arch: 'amd64', os.version: '10.0', java.version: '15.0.1'
Driver info: driver.version: RemoteWebDriver]]>
            </message>
            <full-stacktrace>
              <![CDATA[org.openqa.selenium.NoSuchElementException: Unable to find element with locator By.xpath: //a[contains(text(),'Edit your account information')]
For documentation on this error, please visit: https://selenium.dev/exceptions/#no_such_element
Build info: version: '4.6.0', revision: '79f1c02ae20'
System info: os.name: 'Windows 10', os.arch: 'amd64', os.version: '10.0', java.version: '15.0.1'
Driver info: driver.version: RemoteWebDriver
at org.openqa.selenium.remote.ElementLocation$ElementFinder$2.findElement(ElementLocation.java:165)
at org.openqa.selenium.remote.ElementLocation.findElement(ElementLocation.java:60)
at org.openqa.selenium.remote.RemoteWebDriver.findElement(RemoteWebDriver.java:365)
at org.openqa.selenium.remote.RemoteWebDriver.findElement(RemoteWebDriver.java:357)
at ninjademo.Login_test.LogInWithValidCrendential(Login_test.java:35)
at java.base/jdk.internal.reflect.NativeMethodAccessorImpl.invoke0(Native Method)
at java.base/jdk.internal.reflect.NativeMethodAccessorImpl.invoke(NativeMethodAccessorImpl.java:64)
at java.base/jdk.internal.reflect.DelegatingMethodAccessorImpl.invoke(DelegatingMethodAccessorImpl.java:43)
at java.base/java.lang.reflect.Method.invoke(Method.java:564)
at org.testng.internal.MethodInvocationHelper.invokeMethod(MethodInvocationHelper.java:133)
at org.testng.internal.TestInvoker.invokeMethod(TestInvoker.java:598)
at org.testng.internal.TestInvoker.invokeTestMethod(TestInvoker.java:173)
at org.testng.internal.MethodRunner.runInSequence(MethodRunner.java:46)
at org.testng.internal.TestInvoker$MethodInvocationAgent.invoke(TestInvoker.java:824)
at org.testng.internal.TestInvoker.invokeTestMethods(TestInvoker.java:146)
at org.testng.internal.TestMethodWorker.invokeTestMethods(TestMethodWorker.java:146)
at org.testng.internal.TestMethodWorker.run(TestMethodWorker.java:128)
at java.base/java.util.ArrayList.forEach(ArrayList.java:1511)
at org.testng.TestRunner.privateRun(TestRunner.java:794)
at org.testng.TestRunner.run(TestRunner.java:596)
at org.testng.SuiteRunner.runTest(SuiteRunner.java:377)
at org.testng.SuiteRunner.runSequentially(SuiteRunner.java:371)
at org.testng.SuiteRunner.privateRun(SuiteRunner.java:332)
at org.testng.SuiteRunner.run(SuiteRunner.java:276)
at org.testng.SuiteRunnerWorker.runSuite(SuiteRunnerWorker.java:53)
at org.testng.SuiteRunnerWorker.run(SuiteRunnerWorker.java:96)
at org.testng.TestNG.runSuitesSequentially(TestNG.java:1212)
at org.testng.TestNG.runSuitesLocally(TestNG.java:1134)
at org.testng.TestNG.runSuites(TestNG.java:1063)
at org.testng.TestNG.run(TestNG.java:1031)
at org.testng.remote.AbstractRemoteTestNG.run(AbstractRemoteTestNG.java:115)
at org.testng.remote.RemoteTestNG.initAndRun(RemoteTestNG.java:251)
at org.testng.remote.RemoteTestNG.main(RemoteTestNG.java:77)
]]>
            </full-stacktrace>
          </exception> <!-- org.openqa.selenium.NoSuchElementException -->
          <reporter-output>
          </reporter-output>
        </test-method> <!-- LogInWithValidCrendential -->
        <test-method is-config="true" signature="tearDown()[pri:0, instance:ninjademo.Login_test@d5b810e]" started-at="2022-12-10T14:39:03 EST" name="tearDown" finished-at="2022-12-10T14:39:04 EST" duration-ms="656" status="PASS">
          <reporter-output>
          </reporter-output>
        </test-method> <!-- tearDown -->
        <test-method is-config="true" signature="SetUp()[pri:0, instance:ninjademo.Login_test@d5b810e]" started-at="2022-12-10T14:39:04 EST" name="SetUp" finished-at="2022-12-10T14:39:09 EST" duration-ms="4484" status="PASS">
          <reporter-output>
          </reporter-output>
        </test-method> <!-- SetUp -->
        <test-method signature="LoginWithInvalidPasswordValidEmail()[pri:2, instance:ninjademo.Login_test@d5b810e]" started-at="2022-12-10T14:39:09 EST" name="LoginWithInvalidPasswordValidEmail" finished-at="2022-12-10T14:39:09 EST" duration-ms="687" status="PASS">
          <reporter-output>
          </reporter-output>
        </test-method> <!-- LoginWithInvalidPasswordValidEmail -->
        <test-method is-config="true" signature="tearDown()[pri:0, instance:ninjademo.Login_test@d5b810e]" started-at="2022-12-10T14:39:09 EST" name="tearDown" finished-at="2022-12-10T14:39:10 EST" duration-ms="683" status="PASS">
          <reporter-output>
          </reporter-output>
        </test-method> <!-- tearDown -->
        <test-method is-config="true" signature="SetUp()[pri:0, instance:ninjademo.Login_test@d5b810e]" started-at="2022-12-10T14:39:10 EST" name="SetUp" finished-at="2022-12-10T14:39:16 EST" duration-ms="6406" status="PASS">
          <reporter-output>
          </reporter-output>
        </test-method> <!-- SetUp -->
        <test-method signature="LoginWithValidPasswordInValidEmail()[pri:3, instance:ninjademo.Login_test@d5b810e]" started-at="2022-12-10T14:39:16 EST" name="LoginWithValidPasswordInValidEmail" finished-at="2022-12-10T14:39:17 EST" duration-ms="876" status="PASS">
          <reporter-output>
          </reporter-output>
        </test-method> <!-- LoginWithValidPasswordInValidEmail -->
        <test-method is-config="true" signature="tearDown()[pri:0, instance:ninjademo.Login_test@d5b810e]" started-at="2022-12-10T14:39:17 EST" name="tearDown" finished-at="2022-12-10T14:39:18 EST" duration-ms="699" status="PASS">
          <reporter-output>
          </reporter-output>
        </test-method> <!-- tearDown -->
        <test-method is-config="true" signature="SetUp()[pri:0, instance:ninjademo.Login_test@d5b810e]" started-at="2022-12-10T14:39:18 EST" name="SetUp" finished-at="2022-12-10T14:39:22 EST" duration-ms="4171" status="PASS">
          <reporter-output>
          </reporter-output>
        </test-method> <!-- SetUp -->
        <test-method signature="LoginWithInValidPasswordInValidEmail()[pri:4, instance:ninjademo.Login_test@d5b810e]" started-at="2022-12-10T14:39:22 EST" name="LoginWithInValidPasswordInValidEmail" finished-at="2022-12-10T14:39:23 EST" duration-ms="1067" status="PASS">
          <reporter-output>
          </reporter-output>
        </test-method> <!-- LoginWithInValidPasswordInValidEmail -->
        <test-method is-config="true" signature="tearDown()[pri:0, instance:ninjademo.Login_test@d5b810e]" started-at="2022-12-10T14:39:23 EST" name="tearDown" finished-at="2022-12-10T14:39:24 EST" duration-ms="663" status="PASS">
          <reporter-output>
          </reporter-output>
        </test-method> <!-- tearDown -->
        <test-method is-config="true" signature="SetUp()[pri:0, instance:ninjademo.Login_test@d5b810e]" started-at="2022-12-10T14:39:24 EST" name="SetUp" finished-at="2022-12-10T14:39:28 EST" duration-ms="4472" status="PASS">
          <reporter-output>
          </reporter-output>
        </test-method> <!-- SetUp -->
        <test-method signature="LoginWithNoCredentials()[pri:5, instance:ninjademo.Login_test@d5b810e]" started-at="2022-12-10T14:39:28 EST" name="LoginWithNoCredentials" finished-at="2022-12-10T14:39:29 EST" duration-ms="661" status="PASS">
          <reporter-output>
          </reporter-output>
        </test-method> <!-- LoginWithNoCredentials -->
        <test-method is-config="true" signature="tearDown()[pri:0, instance:ninjademo.Login_test@d5b810e]" started-at="2022-12-10T14:39:29 EST" name="tearDown" finished-at="2022-12-10T14:39:30 EST" duration-ms="674" status="PASS">
          <reporter-output>
          </reporter-output>
        </test-method> <!-- tearDown -->
      </class> <!-- ninjademo.Login_test -->
      <class name="ninjademo.Regisetr_Test">
        <test-method is-config="true" signature="SetUp()[pri:0, instance:ninjademo.Regisetr_Test@506ae4d4]" started-at="2022-12-10T14:39:54 EST" name="SetUp" finished-at="2022-12-10T14:40:01 EST" duration-ms="7641" status="PASS">
          <reporter-output>
          </reporter-output>
        </test-method> <!-- SetUp -->
        <test-method signature="verifyRegisterationWithAllFields()[pri:0, instance:ninjademo.Regisetr_Test@506ae4d4]" started-at="2022-12-10T14:40:01 EST" name="verifyRegisterationWithAllFields" finished-at="2022-12-10T14:40:03 EST" duration-ms="1361" status="PASS">
          <reporter-output>
          </reporter-output>
        </test-method> <!-- verifyRegisterationWithAllFields -->
        <test-method is-config="true" signature="tearDown()[pri:0, instance:ninjademo.Regisetr_Test@506ae4d4]" started-at="2022-12-10T14:40:03 EST" name="tearDown" finished-at="2022-12-10T14:40:04 EST" duration-ms="963" status="PASS">
          <reporter-output>
          </reporter-output>
        </test-method> <!-- tearDown -->
        <test-method is-config="true" signature="SetUp()[pri:0, instance:ninjademo.Regisetr_Test@506ae4d4]" started-at="2022-12-10T14:40:04 EST" name="SetUp" finished-at="2022-12-10T14:40:10 EST" duration-ms="6409" status="PASS">
          <reporter-output>
          </reporter-output>
        </test-method> <!-- SetUp -->
        <test-method signature="verifyRegisterationWithMyMandatoryFields()[pri:0, instance:ninjademo.Regisetr_Test@506ae4d4]" started-at="2022-12-10T14:40:10 EST" name="verifyRegisterationWithMyMandatoryFields" finished-at="2022-12-10T14:40:11 EST" duration-ms="1096" status="PASS">
          <reporter-output>
          </reporter-output>
        </test-method> <!-- verifyRegisterationWithMyMandatoryFields -->
        <test-method is-config="true" signature="tearDown()[pri:0, instance:ninjademo.Regisetr_Test@506ae4d4]" started-at="2022-12-10T14:40:11 EST" name="tearDown" finished-at="2022-12-10T14:40:12 EST" duration-ms="738" status="PASS">
          <reporter-output>
          </reporter-output>
        </test-method> <!-- tearDown -->
        <test-method is-config="true" signature="SetUp()[pri:0, instance:ninjademo.Regisetr_Test@506ae4d4]" started-at="2022-12-10T14:40:12 EST" name="SetUp" finished-at="2022-12-10T14:40:18 EST" duration-ms="6459" status="PASS">
          <reporter-output>
          </reporter-output>
        </test-method> <!-- SetUp -->
        <test-method signature="verifyRegisterationWithNoField()[pri:0, instance:ninjademo.Regisetr_Test@506ae4d4]" started-at="2022-12-10T14:40:18 EST" name="verifyRegisterationWithNoField" finished-at="2022-12-10T14:40:19 EST" duration-ms="476" status="PASS">
          <reporter-output>
          </reporter-output>
        </test-method> <!-- verifyRegisterationWithNoField -->
        <test-method is-config="true" signature="tearDown()[pri:0, instance:ninjademo.Regisetr_Test@506ae4d4]" started-at="2022-12-10T14:40:19 EST" name="tearDown" finished-at="2022-12-10T14:40:20 EST" duration-ms="807" status="PASS">
          <reporter-output>
          </reporter-output>
        </test-method> <!-- tearDown -->
      </class> <!-- ninjademo.Regisetr_Test -->
      <class name="ninjademo.Search_Test">
        <test-method is-config="true" signature="SetUp()[pri:0, instance:ninjademo.Search_Test@b9b00e0]" started-at="2022-12-10T14:39:30 EST" name="SetUp" finished-at="2022-12-10T14:39:38 EST" duration-ms="8489" status="PASS">
          <reporter-output>
          </reporter-output>
        </test-method> <!-- SetUp -->
        <test-method signature="verifySearchWithInValidProduct()[pri:0, instance:ninjademo.Search_Test@b9b00e0]" started-at="2022-12-10T14:39:38 EST" name="verifySearchWithInValidProduct" finished-at="2022-12-10T14:39:39 EST" duration-ms="597" status="PASS">
          <reporter-output>
          </reporter-output>
        </test-method> <!-- verifySearchWithInValidProduct -->
        <test-method is-config="true" signature="tearDown()[pri:0, instance:ninjademo.Search_Test@b9b00e0]" started-at="2022-12-10T14:39:39 EST" name="tearDown" finished-at="2022-12-10T14:39:40 EST" duration-ms="765" status="PASS">
          <reporter-output>
          </reporter-output>
        </test-method> <!-- tearDown -->
        <test-method is-config="true" signature="SetUp()[pri:0, instance:ninjademo.Search_Test@b9b00e0]" started-at="2022-12-10T14:39:40 EST" name="SetUp" finished-at="2022-12-10T14:39:45 EST" duration-ms="5250" status="PASS">
          <reporter-output>
          </reporter-output>
        </test-method> <!-- SetUp -->
        <test-method signature="verifySearchWithValidProduct()[pri:0, instance:ninjademo.Search_Test@b9b00e0]" started-at="2022-12-10T14:39:45 EST" name="verifySearchWithValidProduct" finished-at="2022-12-10T14:39:46 EST" duration-ms="864" status="PASS">
          <reporter-output>
          </reporter-output>
        </test-method> <!-- verifySearchWithValidProduct -->
        <test-method is-config="true" signature="tearDown()[pri:0, instance:ninjademo.Search_Test@b9b00e0]" started-at="2022-12-10T14:39:46 EST" name="tearDown" finished-at="2022-12-10T14:39:46 EST" duration-ms="800" status="PASS">
          <reporter-output>
          </reporter-output>
        </test-method> <!-- tearDown -->
        <test-method is-config="true" signature="SetUp()[pri:0, instance:ninjademo.Search_Test@b9b00e0]" started-at="2022-12-10T14:39:46 EST" name="SetUp" finished-at="2022-12-10T14:39:53 EST" duration-ms="6080" status="PASS">
          <reporter-output>
          </reporter-output>
        </test-method> <!-- SetUp -->
        <test-method signature="verifySearchWithoutProduct()[pri:0, instance:ninjademo.Search_Test@b9b00e0]" started-at="2022-12-10T14:39:53 EST" name="verifySearchWithoutProduct" finished-at="2022-12-10T14:39:53 EST" duration-ms="441" status="PASS">
          <reporter-output>
          </reporter-output>
        </test-method> <!-- verifySearchWithoutProduct -->
        <test-method is-config="true" signature="tearDown()[pri:0, instance:ninjademo.Search_Test@b9b00e0]" started-at="2022-12-10T14:39:53 EST" name="tearDown" finished-at="2022-12-10T14:39:54 EST" duration-ms="757" status="PASS">
          <reporter-output>
          </reporter-output>
        </test-method> <!-- tearDown -->
      </class> <!-- ninjademo.Search_Test -->
    </test> <!-- NinjaTest -->
  </suite> <!-- NinjaSuite -->
</testng-results>
